#-----------------------------------------------------------
# Vivado v2024.2 (64-bit)
# SW Build 5239630 on Fri Nov 08 22:35:27 MST 2024
# IP Build 5239520 on Sun Nov 10 16:12:51 MST 2024
# SharedData Build 5239561 on Fri Nov 08 14:39:27 MST 2024
# Start of session at: Thu Mar 13 15:06:27 2025
# Process ID         : 30928
# Current directory  : C:/Users/C27Charles.Liermann/Documents/ECE281/ICE_ICE_BABY/ece281-ice4
# Command line       : vivado.exe -gui_launcher_event rodinguilauncherevent32336 C:\Users\C27Charles.Liermann\Documents\ECE281\ICE_ICE_BABY\ece281-ice4\stoplight.xpr
# Log file           : C:/Users/C27Charles.Liermann/Documents/ECE281/ICE_ICE_BABY/ece281-ice4/vivado.log
# Journal file       : C:/Users/C27Charles.Liermann/Documents/ECE281/ICE_ICE_BABY/ece281-ice4\vivado.jou
# Running On         : C27-5CG31326RQ
# Platform           : Windows Server 2016 or Windows 10
# Operating System   : 22631
# Processor Detail   : AMD Ryzen 7 PRO 6850U with Radeon Graphics     
# CPU Frequency      : 2695 MHz
# CPU Physical cores : 8
# CPU Logical cores  : 16
# Host memory        : 16442 MB
# Swap memory        : 13421 MB
# Total Virtual      : 29864 MB
# Available Virtual  : 6070 MB
#-----------------------------------------------------------
start_gui
open_project C:/Users/C27Charles.Liermann/Documents/ECE281/ICE_ICE_BABY/ece281-ice4/stoplight.xpr
INFO: [filemgmt 56-3] Default IP Output Path : Could not find the directory 'C:/Users/C27Charles.Liermann/Documents/ECE281/ICE_ICE_BABY/ece281-ice4/stoplight.gen/sources_1'.
Scanning sources...
Finished scanning sources
INFO: [IP_Flow 19-234] Refreshing IP repositories
INFO: [IP_Flow 19-1704] No user IP repositories specified
INFO: [IP_Flow 19-2313] Loaded Vivado IP repository 'C:/Xilinx/Vivado/2024.2/data/ip'.
open_project: Time (s): cpu = 00:00:06 ; elapsed = 00:00:07 . Memory (MB): peak = 1115.121 ; gain = 65.844
update_compile_order -fileset sources_1
update_compile_order -fileset sources_1
launch_runs impl_1 -to_step write_bitstream -jobs 8
[Thu Mar 13 15:14:24 2025] Launched synth_1...
Run output will be captured here: C:/Users/C27Charles.Liermann/Documents/ECE281/ICE_ICE_BABY/ece281-ice4/stoplight.runs/synth_1/runme.log
[Thu Mar 13 15:14:24 2025] Launched impl_1...
Run output will be captured here: C:/Users/C27Charles.Liermann/Documents/ECE281/ICE_ICE_BABY/ece281-ice4/stoplight.runs/impl_1/runme.log
reset_run synth_1
WARNING: [Vivado 12-1017] Problems encountered:
1. PID not specified

launch_runs impl_1 -to_step write_bitstream -jobs 8
[Thu Mar 13 15:15:27 2025] Launched synth_1...
Run output will be captured here: C:/Users/C27Charles.Liermann/Documents/ECE281/ICE_ICE_BABY/ece281-ice4/stoplight.runs/synth_1/runme.log
[Thu Mar 13 15:15:27 2025] Launched impl_1...
Run output will be captured here: C:/Users/C27Charles.Liermann/Documents/ECE281/ICE_ICE_BABY/ece281-ice4/stoplight.runs/impl_1/runme.log
reset_run impl_1 -prev_step 
launch_runs impl_1 -to_step write_bitstream -jobs 8
[Thu Mar 13 15:18:49 2025] Launched impl_1...
Run output will be captured here: C:/Users/C27Charles.Liermann/Documents/ECE281/ICE_ICE_BABY/ece281-ice4/stoplight.runs/impl_1/runme.log
reset_run synth_1
INFO: [Project 1-1160] Copying file C:/Users/C27Charles.Liermann/Documents/ECE281/ICE_ICE_BABY/ece281-ice4/stoplight.runs/synth_1/top_basys3.dcp to C:/Users/C27Charles.Liermann/Documents/ECE281/ICE_ICE_BABY/ece281-ice4/stoplight.srcs/utils_1/imports/synth_1 and adding it to utils fileset
WARNING: [Vivado 12-1017] Problems encountered:
1. Failed to delete one or more files in run directory C:/Users/C27Charles.Liermann/Documents/ECE281/ICE_ICE_BABY/ece281-ice4/stoplight.runs/synth_1

launch_runs synth_1 -jobs 8
[Thu Mar 13 15:19:35 2025] Launched synth_1...
Run output will be captured here: C:/Users/C27Charles.Liermann/Documents/ECE281/ICE_ICE_BABY/ece281-ice4/stoplight.runs/synth_1/runme.log
launch_runs impl_1 -jobs 8
[Thu Mar 13 15:20:54 2025] Launched impl_1...
Run output will be captured here: C:/Users/C27Charles.Liermann/Documents/ECE281/ICE_ICE_BABY/ece281-ice4/stoplight.runs/impl_1/runme.log
launch_runs impl_1 -to_step write_bitstream -jobs 8
[Thu Mar 13 15:22:31 2025] Launched impl_1...
Run output will be captured here: C:/Users/C27Charles.Liermann/Documents/ECE281/ICE_ICE_BABY/ece281-ice4/stoplight.runs/impl_1/runme.log
exit
INFO: [Common 17-206] Exiting Vivado at Thu Mar 13 15:24:29 2025...
