
*** Running vivado
    with args -log top_basys3.vds -m64 -product Vivado -mode batch -messageDb vivado.pb -notrace -source top_basys3.tcl



****** Vivado v2024.2 (64-bit)
  **** SW Build 5239630 on Fri Nov 08 22:35:27 MST 2024
  **** IP Build 5239520 on Sun Nov 10 16:12:51 MST 2024
  **** SharedData Build 5239561 on Fri Nov 08 14:39:27 MST 2024
  **** Start of session at: Fri Mar 14 12:29:06 2025
    ** Copyright 1986-2022 Xilinx, Inc. All Rights Reserved.
    ** Copyright 2022-2024 Advanced Micro Devices, Inc. All Rights Reserved.

source top_basys3.tcl -notrace
Command: read_checkpoint -auto_incremental -incremental C:/Users/C27Charles.Liermann/Documents/ECE281/ICE_ICE_BABY/ece281-ice4/stoplight.srcs/utils_1/imports/synth_1/top_basys3.dcp
INFO: [Vivado 12-5825] Read reference checkpoint from C:/Users/C27Charles.Liermann/Documents/ECE281/ICE_ICE_BABY/ece281-ice4/stoplight.srcs/utils_1/imports/synth_1/top_basys3.dcp for incremental synthesis
INFO: [Vivado 12-7989] Please ensure there are no constraint changes
Command: synth_design -top top_basys3 -part xc7a35tcpg236-1
Starting synth_design
Attempting to get a license for feature 'Synthesis' and/or device 'xc7a35t'
INFO: [Common 17-349] Got license for feature 'Synthesis' and/or device 'xc7a35t'
INFO: [Device 21-403] Loading part xc7a35tcpg236-1
INFO: [Designutils 20-5440] No compile time benefit to using incremental synthesis; A full resynthesis will be run
INFO: [Designutils 20-4379] Flow is switching to default flow due to incremental criteria not met. If you would like to alter this behaviour and have the flow terminate instead, please set the following parameter config_implementation {autoIncr.Synth.RejectBehavior Terminate}
INFO: [Synth 8-7079] Multithreading enabled for synth_design using a maximum of 2 processes.
INFO: [Synth 8-7078] Launching helper process for spawning children vivado processes
INFO: [Synth 8-7075] Helper process launched with PID 8940
---------------------------------------------------------------------------------
Starting RTL Elaboration : Time (s): cpu = 00:00:03 ; elapsed = 00:00:10 . Memory (MB): peak = 952.961 ; gain = 470.301
---------------------------------------------------------------------------------
INFO: [Synth 8-638] synthesizing module 'top_basys3' [C:/Users/C27Charles.Liermann/Documents/ECE281/ICE_ICE_BABY/ece281-ice4/src/top_basys3.vhd:70]
INFO: [Synth 8-3491] module 'stoplight_fsm' declared at 'C:/Users/C27Charles.Liermann/Documents/ECE281/ICE_ICE_BABY/ece281-ice4/src/stoplight_fsm.vhd:63' bound to instance 'Stopper_ligher' of component 'stoplight_fsm' [C:/Users/C27Charles.Liermann/Documents/ECE281/ICE_ICE_BABY/ece281-ice4/src/top_basys3.vhd:96]
INFO: [Synth 8-638] synthesizing module 'stoplight_fsm' [C:/Users/C27Charles.Liermann/Documents/ECE281/ICE_ICE_BABY/ece281-ice4/src/stoplight_fsm.vhd:72]
INFO: [Synth 8-256] done synthesizing module 'stoplight_fsm' (0#1) [C:/Users/C27Charles.Liermann/Documents/ECE281/ICE_ICE_BABY/ece281-ice4/src/stoplight_fsm.vhd:72]
	Parameter k_DIV bound to: 50000000 - type: integer 
INFO: [Synth 8-3491] module 'clock_divider' declared at 'C:/Users/C27Charles.Liermann/Documents/ECE281/ICE_ICE_BABY/ece281-ice4/src/clock_divider.vhd:51' bound to instance 'clkdiv_inst' of component 'clock_divider' [C:/Users/C27Charles.Liermann/Documents/ECE281/ICE_ICE_BABY/ece281-ice4/src/top_basys3.vhd:107]
INFO: [Synth 8-638] synthesizing module 'clock_divider' [C:/Users/C27Charles.Liermann/Documents/ECE281/ICE_ICE_BABY/ece281-ice4/src/clock_divider.vhd:61]
	Parameter k_DIV bound to: 50000000 - type: integer 
INFO: [Synth 8-256] done synthesizing module 'clock_divider' (0#1) [C:/Users/C27Charles.Liermann/Documents/ECE281/ICE_ICE_BABY/ece281-ice4/src/clock_divider.vhd:61]
INFO: [Synth 8-256] done synthesizing module 'top_basys3' (0#1) [C:/Users/C27Charles.Liermann/Documents/ECE281/ICE_ICE_BABY/ece281-ice4/src/top_basys3.vhd:70]
---------------------------------------------------------------------------------
Finished RTL Elaboration : Time (s): cpu = 00:00:04 ; elapsed = 00:00:12 . Memory (MB): peak = 1057.609 ; gain = 574.949
---------------------------------------------------------------------------------
---------------------------------------------------------------------------------
Start Handling Custom Attributes
---------------------------------------------------------------------------------
---------------------------------------------------------------------------------
Finished Handling Custom Attributes : Time (s): cpu = 00:00:04 ; elapsed = 00:00:13 . Memory (MB): peak = 1057.609 ; gain = 574.949
---------------------------------------------------------------------------------
---------------------------------------------------------------------------------
Finished RTL Optimization Phase 1 : Time (s): cpu = 00:00:04 ; elapsed = 00:00:13 . Memory (MB): peak = 1057.609 ; gain = 574.949
---------------------------------------------------------------------------------
Netlist sorting complete. Time (s): cpu = 00:00:00 ; elapsed = 00:00:00.002 . Memory (MB): peak = 1057.609 ; gain = 0.000
INFO: [Project 1-570] Preparing netlist for logic optimization

Processing XDC Constraints
Initializing timing engine
Parsing XDC File [C:/Users/C27Charles.Liermann/Documents/ECE281/ICE_ICE_BABY/ece281-ice4/src/Basys3_Master.xdc]
WARNING: [Vivado 12-584] No ports matched 'JA[3]'. [C:/Users/C27Charles.Liermann/Documents/ECE281/ICE_ICE_BABY/ece281-ice4/src/Basys3_Master.xdc:135]
CRITICAL WARNING: [Common 17-55] 'set_property' expects at least one object. [C:/Users/C27Charles.Liermann/Documents/ECE281/ICE_ICE_BABY/ece281-ice4/src/Basys3_Master.xdc:135]
Resolution: If [get_<value>] was used to populate the object, check to make sure this command returns at least one valid object.
WARNING: [Vivado 12-584] No ports matched 'JA[3]'. [C:/Users/C27Charles.Liermann/Documents/ECE281/ICE_ICE_BABY/ece281-ice4/src/Basys3_Master.xdc:136]
CRITICAL WARNING: [Common 17-55] 'set_property' expects at least one object. [C:/Users/C27Charles.Liermann/Documents/ECE281/ICE_ICE_BABY/ece281-ice4/src/Basys3_Master.xdc:136]
Resolution: If [get_<value>] was used to populate the object, check to make sure this command returns at least one valid object.
WARNING: [Vivado 12-584] No ports matched 'JA[4]'. [C:/Users/C27Charles.Liermann/Documents/ECE281/ICE_ICE_BABY/ece281-ice4/src/Basys3_Master.xdc:138]
CRITICAL WARNING: [Common 17-55] 'set_property' expects at least one object. [C:/Users/C27Charles.Liermann/Documents/ECE281/ICE_ICE_BABY/ece281-ice4/src/Basys3_Master.xdc:138]
Resolution: If [get_<value>] was used to populate the object, check to make sure this command returns at least one valid object.
WARNING: [Vivado 12-584] No ports matched 'JA[4]'. [C:/Users/C27Charles.Liermann/Documents/ECE281/ICE_ICE_BABY/ece281-ice4/src/Basys3_Master.xdc:139]
CRITICAL WARNING: [Common 17-55] 'set_property' expects at least one object. [C:/Users/C27Charles.Liermann/Documents/ECE281/ICE_ICE_BABY/ece281-ice4/src/Basys3_Master.xdc:139]
Resolution: If [get_<value>] was used to populate the object, check to make sure this command returns at least one valid object.
WARNING: [Vivado 12-584] No ports matched 'JA[5]'. [C:/Users/C27Charles.Liermann/Documents/ECE281/ICE_ICE_BABY/ece281-ice4/src/Basys3_Master.xdc:141]
CRITICAL WARNING: [Common 17-55] 'set_property' expects at least one object. [C:/Users/C27Charles.Liermann/Documents/ECE281/ICE_ICE_BABY/ece281-ice4/src/Basys3_Master.xdc:141]
Resolution: If [get_<value>] was used to populate the object, check to make sure this command returns at least one valid object.
WARNING: [Vivado 12-584] No ports matched 'JA[5]'. [C:/Users/C27Charles.Liermann/Documents/ECE281/ICE_ICE_BABY/ece281-ice4/src/Basys3_Master.xdc:142]
CRITICAL WARNING: [Common 17-55] 'set_property' expects at least one object. [C:/Users/C27Charles.Liermann/Documents/ECE281/ICE_ICE_BABY/ece281-ice4/src/Basys3_Master.xdc:142]
Resolution: If [get_<value>] was used to populate the object, check to make sure this command returns at least one valid object.
WARNING: [Vivado 12-584] No ports matched 'JA[6]'. [C:/Users/C27Charles.Liermann/Documents/ECE281/ICE_ICE_BABY/ece281-ice4/src/Basys3_Master.xdc:144]
CRITICAL WARNING: [Common 17-55] 'set_property' expects at least one object. [C:/Users/C27Charles.Liermann/Documents/ECE281/ICE_ICE_BABY/ece281-ice4/src/Basys3_Master.xdc:144]
Resolution: If [get_<value>] was used to populate the object, check to make sure this command returns at least one valid object.
WARNING: [Vivado 12-584] No ports matched 'JA[6]'. [C:/Users/C27Charles.Liermann/Documents/ECE281/ICE_ICE_BABY/ece281-ice4/src/Basys3_Master.xdc:145]
CRITICAL WARNING: [Common 17-55] 'set_property' expects at least one object. [C:/Users/C27Charles.Liermann/Documents/ECE281/ICE_ICE_BABY/ece281-ice4/src/Basys3_Master.xdc:145]
Resolution: If [get_<value>] was used to populate the object, check to make sure this command returns at least one valid object.
WARNING: [Vivado 12-584] No ports matched 'JA[7]'. [C:/Users/C27Charles.Liermann/Documents/ECE281/ICE_ICE_BABY/ece281-ice4/src/Basys3_Master.xdc:147]
CRITICAL WARNING: [Common 17-55] 'set_property' expects at least one object. [C:/Users/C27Charles.Liermann/Documents/ECE281/ICE_ICE_BABY/ece281-ice4/src/Basys3_Master.xdc:147]
Resolution: If [get_<value>] was used to populate the object, check to make sure this command returns at least one valid object.
WARNING: [Vivado 12-584] No ports matched 'JA[7]'. [C:/Users/C27Charles.Liermann/Documents/ECE281/ICE_ICE_BABY/ece281-ice4/src/Basys3_Master.xdc:148]
CRITICAL WARNING: [Common 17-55] 'set_property' expects at least one object. [C:/Users/C27Charles.Liermann/Documents/ECE281/ICE_ICE_BABY/ece281-ice4/src/Basys3_Master.xdc:148]
Resolution: If [get_<value>] was used to populate the object, check to make sure this command returns at least one valid object.
Finished Parsing XDC File [C:/Users/C27Charles.Liermann/Documents/ECE281/ICE_ICE_BABY/ece281-ice4/src/Basys3_Master.xdc]
INFO: [Project 1-236] Implementation specific constraints were found while reading constraint file [C:/Users/C27Charles.Liermann/Documents/ECE281/ICE_ICE_BABY/ece281-ice4/src/Basys3_Master.xdc]. These constraints will be ignored for synthesis but will be used in implementation. Impacted constraints are listed in the file [.Xil/top_basys3_propImpl.xdc].
Resolution: To avoid this warning, move constraints listed in [.Xil/top_basys3_propImpl.xdc] to another XDC file and exclude this new file from synthesis with the used_in_synthesis property (File Properties dialog in GUI) and re-run elaboration/synthesis.
Completed Processing XDC Constraints

Netlist sorting complete. Time (s): cpu = 00:00:00 ; elapsed = 00:00:00 . Memory (MB): peak = 1127.797 ; gain = 0.000
INFO: [Project 1-111] Unisim Transformation Summary:
No Unisim elements were transformed.

Constraint Validation Runtime : Time (s): cpu = 00:00:00 ; elapsed = 00:00:00.004 . Memory (MB): peak = 1127.797 ; gain = 0.000
INFO: [Designutils 20-5440] No compile time benefit to using incremental synthesis; A full resynthesis will be run
INFO: [Designutils 20-4379] Flow is switching to default flow due to incremental criteria not met. If you would like to alter this behaviour and have the flow terminate instead, please set the following parameter config_implementation {autoIncr.Synth.RejectBehavior Terminate}
---------------------------------------------------------------------------------
Finished Constraint Validation : Time (s): cpu = 00:00:07 ; elapsed = 00:00:25 . Memory (MB): peak = 1127.797 ; gain = 645.137
---------------------------------------------------------------------------------
---------------------------------------------------------------------------------
Start Loading Part and Timing Information
---------------------------------------------------------------------------------
Loading part: xc7a35tcpg236-1
---------------------------------------------------------------------------------
Finished Loading Part and Timing Information : Time (s): cpu = 00:00:07 ; elapsed = 00:00:25 . Memory (MB): peak = 1127.797 ; gain = 645.137
---------------------------------------------------------------------------------
---------------------------------------------------------------------------------
Start Applying 'set_property' XDC Constraints
---------------------------------------------------------------------------------
---------------------------------------------------------------------------------
Finished applying 'set_property' XDC Constraints : Time (s): cpu = 00:00:08 ; elapsed = 00:00:25 . Memory (MB): peak = 1127.797 ; gain = 645.137
---------------------------------------------------------------------------------
---------------------------------------------------------------------------------
Finished RTL Optimization Phase 2 : Time (s): cpu = 00:00:08 ; elapsed = 00:00:25 . Memory (MB): peak = 1127.797 ; gain = 645.137
---------------------------------------------------------------------------------
---------------------------------------------------------------------------------
Start RTL Component Statistics 
---------------------------------------------------------------------------------
Detailed RTL Component Info : 
+---Adders : 
	   2 Input   31 Bit       Adders := 1     
+---Registers : 
	               31 Bit    Registers := 1     
	                2 Bit    Registers := 1     
	                1 Bit    Registers := 1     
---------------------------------------------------------------------------------
Finished RTL Component Statistics 
---------------------------------------------------------------------------------
---------------------------------------------------------------------------------
Start Part Resource Summary
---------------------------------------------------------------------------------
Part Resources:
DSPs: 90 (col length:60)
BRAMs: 100 (col length: RAMB18 60 RAMB36 30)
---------------------------------------------------------------------------------
Finished Part Resource Summary
---------------------------------------------------------------------------------
---------------------------------------------------------------------------------
Start Cross Boundary and Area Optimization
---------------------------------------------------------------------------------
WARNING: [Synth 8-7080] Parallel synthesis criteria is not met
---------------------------------------------------------------------------------
Finished Cross Boundary and Area Optimization : Time (s): cpu = 00:00:09 ; elapsed = 00:00:29 . Memory (MB): peak = 1127.797 ; gain = 645.137
---------------------------------------------------------------------------------
---------------------------------------------------------------------------------
Start Applying XDC Timing Constraints
---------------------------------------------------------------------------------
---------------------------------------------------------------------------------
Finished Applying XDC Timing Constraints : Time (s): cpu = 00:00:11 ; elapsed = 00:00:36 . Memory (MB): peak = 1248.605 ; gain = 765.945
---------------------------------------------------------------------------------
---------------------------------------------------------------------------------
Start Timing Optimization
---------------------------------------------------------------------------------
---------------------------------------------------------------------------------
Finished Timing Optimization : Time (s): cpu = 00:00:11 ; elapsed = 00:00:36 . Memory (MB): peak = 1270.582 ; gain = 787.922
---------------------------------------------------------------------------------
---------------------------------------------------------------------------------
Start Technology Mapping
---------------------------------------------------------------------------------
---------------------------------------------------------------------------------
Finished Technology Mapping : Time (s): cpu = 00:00:11 ; elapsed = 00:00:36 . Memory (MB): peak = 1270.582 ; gain = 787.922
---------------------------------------------------------------------------------
---------------------------------------------------------------------------------
Start IO Insertion
---------------------------------------------------------------------------------
---------------------------------------------------------------------------------
Start Flattening Before IO Insertion
---------------------------------------------------------------------------------
---------------------------------------------------------------------------------
Finished Flattening Before IO Insertion
---------------------------------------------------------------------------------
---------------------------------------------------------------------------------
Start Final Netlist Cleanup
---------------------------------------------------------------------------------
---------------------------------------------------------------------------------
Finished Final Netlist Cleanup
---------------------------------------------------------------------------------
---------------------------------------------------------------------------------
Finished IO Insertion : Time (s): cpu = 00:00:13 ; elapsed = 00:00:43 . Memory (MB): peak = 1475.836 ; gain = 993.176
---------------------------------------------------------------------------------
---------------------------------------------------------------------------------
Start Renaming Generated Instances
---------------------------------------------------------------------------------
---------------------------------------------------------------------------------
Finished Renaming Generated Instances : Time (s): cpu = 00:00:13 ; elapsed = 00:00:43 . Memory (MB): peak = 1475.836 ; gain = 993.176
---------------------------------------------------------------------------------
---------------------------------------------------------------------------------
Start Rebuilding User Hierarchy
---------------------------------------------------------------------------------
---------------------------------------------------------------------------------
Finished Rebuilding User Hierarchy : Time (s): cpu = 00:00:13 ; elapsed = 00:00:43 . Memory (MB): peak = 1475.836 ; gain = 993.176
---------------------------------------------------------------------------------
---------------------------------------------------------------------------------
Start Renaming Generated Ports
---------------------------------------------------------------------------------
---------------------------------------------------------------------------------
Finished Renaming Generated Ports : Time (s): cpu = 00:00:13 ; elapsed = 00:00:43 . Memory (MB): peak = 1475.836 ; gain = 993.176
---------------------------------------------------------------------------------
---------------------------------------------------------------------------------
Start Handling Custom Attributes
---------------------------------------------------------------------------------
---------------------------------------------------------------------------------
Finished Handling Custom Attributes : Time (s): cpu = 00:00:13 ; elapsed = 00:00:43 . Memory (MB): peak = 1475.836 ; gain = 993.176
---------------------------------------------------------------------------------
---------------------------------------------------------------------------------
Start Renaming Generated Nets
---------------------------------------------------------------------------------
---------------------------------------------------------------------------------
Finished Renaming Generated Nets : Time (s): cpu = 00:00:13 ; elapsed = 00:00:43 . Memory (MB): peak = 1475.836 ; gain = 993.176
---------------------------------------------------------------------------------
---------------------------------------------------------------------------------
Start Writing Synthesis Report
---------------------------------------------------------------------------------

Report BlackBoxes: 
+-+--------------+----------+
| |BlackBox name |Instances |
+-+--------------+----------+
+-+--------------+----------+

Report Cell Usage: 
+------+-------+------+
|      |Cell   |Count |
+------+-------+------+
|1     |BUFG   |     1|
|2     |CARRY4 |     8|
|3     |LUT1   |     1|
|4     |LUT2   |     4|
|5     |LUT3   |     1|
|6     |LUT4   |    36|
|7     |LUT5   |     2|
|8     |LUT6   |     1|
|9     |FDCE   |    33|
|10    |FDPE   |     1|
|11    |IBUF   |     4|
|12    |OBUF   |     3|
+------+-------+------+
---------------------------------------------------------------------------------
Finished Writing Synthesis Report : Time (s): cpu = 00:00:13 ; elapsed = 00:00:43 . Memory (MB): peak = 1475.836 ; gain = 993.176
---------------------------------------------------------------------------------
Synthesis finished with 0 errors, 0 critical warnings and 1 warnings.
Synthesis Optimization Runtime : Time (s): cpu = 00:00:09 ; elapsed = 00:00:41 . Memory (MB): peak = 1475.836 ; gain = 922.988
Synthesis Optimization Complete : Time (s): cpu = 00:00:14 ; elapsed = 00:00:44 . Memory (MB): peak = 1475.836 ; gain = 993.176
INFO: [Project 1-571] Translating synthesized netlist
Netlist sorting complete. Time (s): cpu = 00:00:00 ; elapsed = 00:00:00.001 . Memory (MB): peak = 1475.836 ; gain = 0.000
INFO: [Netlist 29-17] Analyzing 8 Unisim elements for replacement
INFO: [Netlist 29-28] Unisim Transformation completed in 0 CPU seconds
INFO: [Project 1-570] Preparing netlist for logic optimization
INFO: [Opt 31-138] Pushed 0 inverter(s) to 0 load pin(s).
Netlist sorting complete. Time (s): cpu = 00:00:00 ; elapsed = 00:00:00 . Memory (MB): peak = 1475.836 ; gain = 0.000
INFO: [Project 1-111] Unisim Transformation Summary:
No Unisim elements were transformed.

Synth Design complete | Checksum: 22f3d9ac
INFO: [Common 17-83] Releasing license: Synthesis
29 Infos, 11 Warnings, 10 Critical Warnings and 0 Errors encountered.
synth_design completed successfully
synth_design: Time (s): cpu = 00:00:16 ; elapsed = 00:01:12 . Memory (MB): peak = 1475.836 ; gain = 1183.227
INFO: [runtcl-6] Synthesis results are not added to the cache due to CRITICAL_WARNING
Write ShapeDB Complete: Time (s): cpu = 00:00:00 ; elapsed = 00:00:00.001 . Memory (MB): peak = 1475.836 ; gain = 0.000
INFO: [Common 17-1381] The checkpoint 'C:/Users/C27Charles.Liermann/Documents/ECE281/ICE_ICE_BABY/ece281-ice4/stoplight.runs/synth_1/top_basys3.dcp' has been generated.
INFO: [Vivado 12-24828] Executing command : report_utilization -file top_basys3_utilization_synth.rpt -pb top_basys3_utilization_synth.pb
INFO: [Common 17-206] Exiting Vivado at Fri Mar 14 12:30:33 2025...
